Determining if the pthread_create exist failed with the following output:
Change Dir: /home/chunting/catkin_ws/src/dual_arm_manipulation/admittance_control/build/CMakeFiles/CMakeTmp

Run Build Command:"/usr/bin/make" "cmTC_8c64f/fast"
/usr/bin/make -f CMakeFiles/cmTC_8c64f.dir/build.make CMakeFiles/cmTC_8c64f.dir/build
make[1]: Entering directory '/home/chunting/catkin_ws/src/dual_arm_manipulation/admittance_control/build/CMakeFiles/CMakeTmp'
Building C object CMakeFiles/cmTC_8c64f.dir/CheckSymbolExists.c.o
/usr/bin/x86_64-linux-gnu-gcc-4.8     -o CMakeFiles/cmTC_8c64f.dir/CheckSymbolExists.c.o   -c /home/chunting/catkin_ws/src/dual_arm_manipulation/admittance_control/build/CMakeFiles/CMakeTmp/CheckSymbolExists.c
Linking C executable cmTC_8c64f
/usr/bin/cmake -E cmake_link_script CMakeFiles/cmTC_8c64f.dir/link.txt --verbose=1
/usr/bin/x86_64-linux-gnu-gcc-4.8       CMakeFiles/cmTC_8c64f.dir/CheckSymbolExists.c.o  -o cmTC_8c64f -rdynamic 
CMakeFiles/cmTC_8c64f.dir/CheckSymbolExists.c.o: In function `main':
CheckSymbolExists.c:(.text+0x16): undefined reference to `pthread_create'
collect2: error: ld returned 1 exit status
CMakeFiles/cmTC_8c64f.dir/build.make:97: recipe for target 'cmTC_8c64f' failed
make[1]: *** [cmTC_8c64f] Error 1
make[1]: Leaving directory '/home/chunting/catkin_ws/src/dual_arm_manipulation/admittance_control/build/CMakeFiles/CMakeTmp'
Makefile:126: recipe for target 'cmTC_8c64f/fast' failed
make: *** [cmTC_8c64f/fast] Error 2

File /home/chunting/catkin_ws/src/dual_arm_manipulation/admittance_control/build/CMakeFiles/CMakeTmp/CheckSymbolExists.c:
/* */
#include <pthread.h>

int main(int argc, char** argv)
{
  (void)argv;
#ifndef pthread_create
  return ((int*)(&pthread_create))[argc];
#else
  (void)argc;
  return 0;
#endif
}

Determining if the function pthread_create exists in the pthreads failed with the following output:
Change Dir: /home/chunting/catkin_ws/src/dual_arm_manipulation/admittance_control/build/CMakeFiles/CMakeTmp

Run Build Command:"/usr/bin/make" "cmTC_ba75f/fast"
/usr/bin/make -f CMakeFiles/cmTC_ba75f.dir/build.make CMakeFiles/cmTC_ba75f.dir/build
make[1]: Entering directory '/home/chunting/catkin_ws/src/dual_arm_manipulation/admittance_control/build/CMakeFiles/CMakeTmp'
Building C object CMakeFiles/cmTC_ba75f.dir/CheckFunctionExists.c.o
/usr/bin/x86_64-linux-gnu-gcc-4.8    -DCHECK_FUNCTION_EXISTS=pthread_create   -o CMakeFiles/cmTC_ba75f.dir/CheckFunctionExists.c.o   -c /usr/share/cmake-3.5/Modules/CheckFunctionExists.c
Linking C executable cmTC_ba75f
/usr/bin/cmake -E cmake_link_script CMakeFiles/cmTC_ba75f.dir/link.txt --verbose=1
/usr/bin/x86_64-linux-gnu-gcc-4.8   -DCHECK_FUNCTION_EXISTS=pthread_create    CMakeFiles/cmTC_ba75f.dir/CheckFunctionExists.c.o  -o cmTC_ba75f -rdynamic -lpthreads 
/usr/bin/ld: cannot find -lpthreads
collect2: error: ld returned 1 exit status
CMakeFiles/cmTC_ba75f.dir/build.make:97: recipe for target 'cmTC_ba75f' failed
make[1]: *** [cmTC_ba75f] Error 1
make[1]: Leaving directory '/home/chunting/catkin_ws/src/dual_arm_manipulation/admittance_control/build/CMakeFiles/CMakeTmp'
Makefile:126: recipe for target 'cmTC_ba75f/fast' failed
make: *** [cmTC_ba75f/fast] Error 2


